<?xml version="1.0" encoding="UTF-8"?>
<testsuite name="application.ParserTest" tests="5" skipped="0" failures="0" errors="0" timestamp="2022-01-02T09:08:31" hostname="LAPTOP-02F39VS3" time="0.079">
  <properties/>
  <testcase name="Error should be thrown in larger files too" classname="application.ParserTest" time="0.027"/>
  <testcase name="Check if the correct exception is thrown }" classname="application.ParserTest" time="0.002"/>
  <testcase name="Check if the correct exception is thrown {" classname="application.ParserTest" time="0.001"/>
  <testcase name="[1] correct_sample.txt" classname="application.ParserTest" time="0.023"/>
  <testcase name="[2] larger_correct.txt" classname="application.ParserTest" time="0.007"/>
  <system-out><![CDATA[{
    {
        {
            {
                {
                    {
                        {
                            {
                                {

                                }
                            }
                        }
                    }

            }
        }
   }
}
{{}
{}}
{
    {
        {}
    }
}
{
    {
        {
            {
                {
                    {
                        {
                            {
                                {

                                }
                            }
                        }
                    }
                }
            }
        }
   }
}
]]></system-out>
  <system-err><![CDATA[]]></system-err>
</testsuite>
